c:\marco\universita\tesi\progetto_opengl\lod_terrain_project\lod_terrain_project\x64\debug\vc143.pdb
c:\marco\universita\tesi\progetto_opengl\lod_terrain_project\lod_terrain_project\x64\debug\vc143.idb
c:\marco\universita\tesi\progetto_opengl\lod_terrain_project\lod_terrain_project\x64\debug\glad.obj
c:\marco\universita\tesi\progetto_opengl\lod_terrain_project\lod_terrain_project\x64\debug\utilities.obj
c:\marco\universita\tesi\progetto_opengl\lod_terrain_project\lod_terrain_project\x64\debug\texturehandler.obj
c:\marco\universita\tesi\progetto_opengl\lod_terrain_project\lod_terrain_project\x64\debug\shaderhandler.obj
c:\marco\universita\tesi\progetto_opengl\lod_terrain_project\lod_terrain_project\x64\debug\noisehandler.obj
c:\marco\universita\tesi\progetto_opengl\lod_terrain_project\lod_terrain_project\x64\debug\modelloader.obj
c:\marco\universita\tesi\progetto_opengl\lod_terrain_project\lod_terrain_project\x64\debug\main.obj
c:\marco\universita\tesi\progetto_opengl\lod_terrain_project\lod_terrain_project\x64\debug\camerahandler.obj
c:\marco\universita\tesi\progetto_opengl\lod_terrain_project\lod_terrain_project\x64\debug\interactionhandler.obj
c:\marco\universita\tesi\progetto_opengl\lod_terrain_project\lod_terrain_project\x64\debug\imgui_widgets.obj
c:\marco\universita\tesi\progetto_opengl\lod_terrain_project\lod_terrain_project\x64\debug\imgui_tables.obj
c:\marco\universita\tesi\progetto_opengl\lod_terrain_project\lod_terrain_project\x64\debug\imgui_impl_opengl3.obj
c:\marco\universita\tesi\progetto_opengl\lod_terrain_project\lod_terrain_project\x64\debug\imgui_impl_glfw.obj
c:\marco\universita\tesi\progetto_opengl\lod_terrain_project\lod_terrain_project\x64\debug\imgui_draw.obj
c:\marco\universita\tesi\progetto_opengl\lod_terrain_project\lod_terrain_project\x64\debug\imgui_demo.obj
c:\marco\universita\tesi\progetto_opengl\lod_terrain_project\lod_terrain_project\x64\debug\imgui.obj
c:\marco\universita\tesi\progetto_opengl\lod_terrain_project\lod_terrain_project\x64\debug\guihandler.obj
c:\marco\universita\tesi\progetto_opengl\lod_terrain_project\lod_terrain_project\x64\debug\geometryhandler.obj
c:\marco\universita\tesi\progetto_opengl\lod_terrain_project\lod_terrain_project\x64\debug\bufferhandler.obj
c:\marco\universita\tesi\progetto_opengl\lod_terrain_project\lod_terrain_project\x64\debug\lod_terr.4dc9ca57.tlog\cl.command.1.tlog
c:\marco\universita\tesi\progetto_opengl\lod_terrain_project\lod_terrain_project\x64\debug\lod_terr.4dc9ca57.tlog\cl.read.1.tlog
c:\marco\universita\tesi\progetto_opengl\lod_terrain_project\lod_terrain_project\x64\debug\lod_terr.4dc9ca57.tlog\cl.write.1.tlog
c:\marco\universita\tesi\progetto_opengl\lod_terrain_project\lod_terrain_project\x64\debug\lod_terr.4dc9ca57.tlog\link.command.1.tlog
c:\marco\universita\tesi\progetto_opengl\lod_terrain_project\lod_terrain_project\x64\debug\lod_terr.4dc9ca57.tlog\link.read.1.tlog
c:\marco\universita\tesi\progetto_opengl\lod_terrain_project\lod_terrain_project\x64\debug\lod_terr.4dc9ca57.tlog\link.write.1.tlog
