C:\Program Files\Microsoft Visual Studio\2022\Community\MSBuild\Microsoft\VC\v170\Microsoft.CppBuild.targets(534,5): warning MSB8028: la directory intermedia (x64\Debug\) contiene file condivisi da un altro progetto (LOD_Terrain_Project.vcxproj, LOD_Terrain_Project_2.vcxproj, OpenGL_4.6_Template.vcxproj). Tale condizione può comportare un comportamento di pulizia e ricompilazione non corretto.
  glad.c
  bufferHandler.cpp
  geometryHandler.cpp
  guiHandler.cpp
  imgui.cpp
  imgui_demo.cpp
  imgui_draw.cpp
  imgui_impl_glfw.cpp
  imgui_impl_opengl3.cpp
  imgui_tables.cpp
  imgui_widgets.cpp
  interactionHandler.cpp
  cameraHandler.cpp
  main.cpp
C:\Marco\UNIVERSITA\Tesi\Progetto_OpenGL_confronto_2\NoLOD_Terrain_Project_2\NoLOD_Terrain_Project_2\main.cpp(19,23): warning C4305: 'inizializzazione': troncamento da 'double' a 'float'
C:\Marco\UNIVERSITA\Tesi\Progetto_OpenGL_confronto_2\NoLOD_Terrain_Project_2\NoLOD_Terrain_Project_2\main.cpp(104,18): warning C4244: 'inizializzazione': conversione da 'float' a 'int'. Possibile perdita di dati.
C:\Marco\UNIVERSITA\Tesi\Progetto_OpenGL_confronto_2\NoLOD_Terrain_Project_2\NoLOD_Terrain_Project_2\main.cpp(122,104): warning C4244: 'argomento': conversione da 'float' a 'int'. Possibile perdita di dati.
C:\Marco\UNIVERSITA\Tesi\Progetto_OpenGL_confronto_2\NoLOD_Terrain_Project_2\NoLOD_Terrain_Project_2\main.cpp(142,59): warning C4267: 'inizializzazione': conversione da 'size_t' a 'int'. Possibile perdita di dati.
C:\Marco\UNIVERSITA\Tesi\Progetto_OpenGL_confronto_2\NoLOD_Terrain_Project_2\NoLOD_Terrain_Project_2\main.cpp(163,57): warning C4267: 'inizializzazione': conversione da 'size_t' a 'int'. Possibile perdita di dati.
C:\Marco\UNIVERSITA\Tesi\Progetto_OpenGL_confronto_2\NoLOD_Terrain_Project_2\NoLOD_Terrain_Project_2\main.cpp(185,57): warning C4267: 'inizializzazione': conversione da 'size_t' a 'int'. Possibile perdita di dati.
C:\Marco\UNIVERSITA\Tesi\Progetto_OpenGL_confronto_2\NoLOD_Terrain_Project_2\NoLOD_Terrain_Project_2\main.cpp(196,40): warning C4267: 'inizializzazione': conversione da 'size_t' a 'int'. Possibile perdita di dati.
C:\Marco\UNIVERSITA\Tesi\Progetto_OpenGL_confronto_2\NoLOD_Terrain_Project_2\NoLOD_Terrain_Project_2\main.cpp(445,25): warning C4244: 'inizializzazione': conversione da 'double' a 'float'. Possibile perdita di dati.
C:\Marco\UNIVERSITA\Tesi\Progetto_OpenGL_confronto_2\NoLOD_Terrain_Project_2\NoLOD_Terrain_Project_2\main.cpp(465,38): warning C4244: 'inizializzazione': conversione da 'double' a 'float'. Possibile perdita di dati.
C:\Marco\UNIVERSITA\Tesi\Progetto_OpenGL_confronto_2\NoLOD_Terrain_Project_2\NoLOD_Terrain_Project_2\main.cpp(467,42): warning C4244: 'inizializzazione': conversione da 'double' a 'float'. Possibile perdita di dati.
C:\Marco\UNIVERSITA\Tesi\Progetto_OpenGL_confronto_2\NoLOD_Terrain_Project_2\NoLOD_Terrain_Project_2\main.cpp(473,38): warning C4244: 'inizializzazione': conversione da 'double' a 'float'. Possibile perdita di dati.
C:\Marco\UNIVERSITA\Tesi\Progetto_OpenGL_confronto_2\NoLOD_Terrain_Project_2\NoLOD_Terrain_Project_2\main.cpp(475,42): warning C4244: 'inizializzazione': conversione da 'double' a 'float'. Possibile perdita di dati.
C:\Marco\UNIVERSITA\Tesi\Progetto_OpenGL_confronto_2\NoLOD_Terrain_Project_2\NoLOD_Terrain_Project_2\main.cpp(499,106): warning C4267: 'argomento': conversione da 'size_t' a 'GLsizei'. Possibile perdita di dati.
C:\Marco\UNIVERSITA\Tesi\Progetto_OpenGL_confronto_2\NoLOD_Terrain_Project_2\NoLOD_Terrain_Project_2\main.cpp(505,107): warning C4267: 'argomento': conversione da 'size_t' a 'GLsizei'. Possibile perdita di dati.
C:\Marco\UNIVERSITA\Tesi\Progetto_OpenGL_confronto_2\NoLOD_Terrain_Project_2\NoLOD_Terrain_Project_2\main.cpp(510,72): warning C4267: 'argomento': conversione da 'size_t' a 'GLsizei'. Possibile perdita di dati.
C:\Marco\UNIVERSITA\Tesi\Progetto_OpenGL_confronto_2\NoLOD_Terrain_Project_2\NoLOD_Terrain_Project_2\main.cpp(618,62): warning C4267: 'argomento': conversione da 'size_t' a 'GLsizei'. Possibile perdita di dati.
C:\Marco\UNIVERSITA\Tesi\Progetto_OpenGL_confronto_2\NoLOD_Terrain_Project_2\NoLOD_Terrain_Project_2\main.cpp(649,62): warning C4267: 'argomento': conversione da 'size_t' a 'GLsizei'. Possibile perdita di dati.
C:\Marco\UNIVERSITA\Tesi\Progetto_OpenGL_confronto_2\NoLOD_Terrain_Project_2\NoLOD_Terrain_Project_2\main.cpp(678,60): warning C4267: 'argomento': conversione da 'size_t' a 'GLsizei'. Possibile perdita di dati.
C:\Marco\UNIVERSITA\Tesi\Progetto_OpenGL_confronto_2\NoLOD_Terrain_Project_2\NoLOD_Terrain_Project_2\main.cpp(709,60): warning C4267: 'argomento': conversione da 'size_t' a 'GLsizei'. Possibile perdita di dati.
C:\Marco\UNIVERSITA\Tesi\Progetto_OpenGL_confronto_2\NoLOD_Terrain_Project_2\NoLOD_Terrain_Project_2\main.cpp(727,56): warning C4267: 'argomento': conversione da 'size_t' a 'GLsizei'. Possibile perdita di dati.
C:\Marco\UNIVERSITA\Tesi\Progetto_OpenGL_confronto_2\NoLOD_Terrain_Project_2\NoLOD_Terrain_Project_2\main.cpp(746,60): warning C4267: 'argomento': conversione da 'size_t' a 'GLsizei'. Possibile perdita di dati.
  modelLoader.cpp
C:\Marco\UNIVERSITA\Tesi\Progetto_OpenGL_confronto_2\NoLOD_Terrain_Project_2\NoLOD_Terrain_Project_2\modelLoader.cpp(44,23): warning C4018: '<': errata corrispondenza tra signed e unsigned
C:\Marco\UNIVERSITA\Tesi\Progetto_OpenGL_confronto_2\NoLOD_Terrain_Project_2\NoLOD_Terrain_Project_2\modelLoader.cpp(229,55): warning C4267: '=': conversione da 'size_t' a 'int'. Possibile perdita di dati.
C:\Marco\UNIVERSITA\Tesi\Progetto_OpenGL_confronto_2\NoLOD_Terrain_Project_2\NoLOD_Terrain_Project_2\modelLoader.cpp(245,56): warning C4267: '=': conversione da 'size_t' a 'int'. Possibile perdita di dati.
C:\Marco\UNIVERSITA\Tesi\Progetto_OpenGL_confronto_2\NoLOD_Terrain_Project_2\NoLOD_Terrain_Project_2\modelLoader.cpp(264,23): warning C4018: '<': errata corrispondenza tra signed e unsigned
C:\Marco\UNIVERSITA\Tesi\Progetto_OpenGL_confronto_2\NoLOD_Terrain_Project_2\NoLOD_Terrain_Project_2\modelLoader.cpp(269,27): warning C4018: '<': errata corrispondenza tra signed e unsigned
C:\Marco\UNIVERSITA\Tesi\Progetto_OpenGL_confronto_2\NoLOD_Terrain_Project_2\NoLOD_Terrain_Project_2\modelLoader.cpp(286,23): warning C4018: '<': errata corrispondenza tra signed e unsigned
C:\Marco\UNIVERSITA\Tesi\Progetto_OpenGL_confronto_2\NoLOD_Terrain_Project_2\NoLOD_Terrain_Project_2\modelLoader.cpp(301,23): warning C4018: '<': errata corrispondenza tra signed e unsigned
C:\Marco\UNIVERSITA\Tesi\Progetto_OpenGL_confronto_2\NoLOD_Terrain_Project_2\NoLOD_Terrain_Project_2\modelLoader.cpp(340,27): warning C4018: '<': errata corrispondenza tra signed e unsigned
  noiseHandler.cpp
  shaderHandler.cpp
  textureHandler.cpp
  utilities.cpp
C:\Marco\UNIVERSITA\Tesi\Progetto_OpenGL_confronto_2\NoLOD_Terrain_Project_2\NoLOD_Terrain_Project_2\utilities.cpp(8,15): warning C4244: 'return': conversione da 'double' a 'float'. Possibile perdita di dati.
C:\Marco\UNIVERSITA\Tesi\Progetto_OpenGL_confronto_2\NoLOD_Terrain_Project_2\NoLOD_Terrain_Project_2\utilities.cpp(33,17): warning C4244: 'inizializzazione': conversione da 'int' a 'float'. Possibile perdita di dati.
C:\Marco\UNIVERSITA\Tesi\Progetto_OpenGL_confronto_2\NoLOD_Terrain_Project_2\NoLOD_Terrain_Project_2\utilities.cpp(161,21): warning C4244: '=': conversione da 'int' a 'T'. Possibile perdita di dati.
          with
          [
              T=float
          ]
C:\Marco\UNIVERSITA\Tesi\Progetto_OpenGL_confronto_2\NoLOD_Terrain_Project_2\NoLOD_Terrain_Project_2\utilities.cpp(162,21): warning C4244: '=': conversione da 'int' a 'T'. Possibile perdita di dati.
          with
          [
              T=float
          ]
  Generazione del codice in corso...
LINK : warning LNK4098: la libreria predefinita 'MSVCRT' è in conflitto con l'utilizzo di altre librerie; usare /NODEFAULTLIB:libreria
  NoLOD_Terrain_Project_2.vcxproj -> C:\Marco\UNIVERSITA\Tesi\Progetto_OpenGL_confronto_2\NoLOD_Terrain_Project_2\x64\Debug\NoLOD_Terrain_Project_2.exe
